<?xml version="1.0" encoding="UTF-8"?>
<testng-results ignored="0" total="1" passed="1" failed="0" skipped="0">
  <reporter-output>
  </reporter-output>
  <suite started-at="2023-11-13T17:49:14 EET" name="Default suite" finished-at="2023-11-13T17:49:51 EET" duration-ms="37443">
    <groups>
    </groups>
    <test started-at="2023-11-13T17:49:14 EET" name="Default test" finished-at="2023-11-13T17:49:51 EET" duration-ms="37443">
      <class name="test.Test1">
        <test-method is-config="true" signature="SetUp()[pri:0, instance:test.Test1@20140db9]" started-at="2023-11-13T17:49:14 EET" name="SetUp" finished-at="2023-11-13T17:49:27 EET" duration-ms="13877" status="PASS">
          <reporter-output>
          </reporter-output>
        </test-method> <!-- SetUp -->
        <test-method signature="test()[pri:0, instance:test.Test1@20140db9]" started-at="2023-11-13T17:49:28 EET" name="test" finished-at="2023-11-13T17:49:51 EET" duration-ms="23485" status="PASS">
          <reporter-output>
          </reporter-output>
        </test-method> <!-- test -->
      </class> <!-- test.Test1 -->
    </test> <!-- Default test -->
  </suite> <!-- Default suite -->
</testng-results>
